<?xml version="1.0" encoding="UTF-8"?>
<testng-results skipped="0" failed="0" ignored="0" total="1" passed="1">
  <reporter-output>
  </reporter-output>
  <suite name="Suite" duration-ms="3423" started-at="2018-02-04T08:27:11Z" finished-at="2018-02-04T08:27:14Z">
    <groups>
    </groups>
    <test name="Test" duration-ms="3423" started-at="2018-02-04T08:27:11Z" finished-at="2018-02-04T08:27:14Z">
      <class name="scr.Gt1">
        <test-method status="PASS" signature="test1()[pri:0, instance:scr.Gt1@7e2d773b]" name="test1" duration-ms="3366" started-at="2018-02-04T13:57:11Z" finished-at="2018-02-04T13:57:14Z">
          <reporter-output>
          </reporter-output>
        </test-method> <!-- test1 -->
      </class> <!-- scr.Gt1 -->
    </test> <!-- Test -->
  </suite> <!-- Suite -->
</testng-results>
